[2025-02-18 13:04:41] INFO: User Andi Said Haidir Ali (cm77ng6bo0000k5i1epussaks) successfully created a user at 2025-02-18T05:04:41.786Z: {"id":"cm7a0skzb0000wqjospv5oxek","name":"asdasd","email":"saidhaidirali@gmail.com","emailVerified":null,"address":null,"phone":null,"birthDate":null,"idNumber":null,"image":null,"createdBy":null,"createdAt":"2025-02-18T05:04:41.783Z","updatedAt":"2025-02-18T05:04:41.783Z"}
[2025-02-18 13:07:15] INFO: User Andi Said Haidir Ali (cm77ng6bo0000k5i1epussaks) successfully created a user at 2025-02-18T05:07:15.282Z: {"id":"cm7a0vvf50003wqjox4jh06ug","name":"Yasril","email":"yasril@poliupg.ac.id","emailVerified":null,"address":null,"phone":null,"birthDate":null,"idNumber":null,"image":null,"createdBy":null,"createdAt":"2025-02-18T05:07:15.281Z","updatedAt":"2025-02-18T05:07:15.281Z"}
[2025-02-18 21:34:07] INFO: User Andi Said Haidir Ali (cm77ng6bo0000k5i1epussaks) successfully created a user at 2025-02-18T13:34:07.556Z: {"id":"cm7aizpoh0006wqjoj7je8v3c","name":"Drajat Ramadhani","email":"owner@tifa.com","emailVerified":null,"address":null,"phone":null,"birthDate":null,"idNumber":null,"image":null,"createdBy":null,"createdAt":"2025-02-18T13:34:07.553Z","updatedAt":"2025-02-18T13:34:07.553Z"}
[2025-02-21 09:06:03] INFO: User Muh Rezki (cm7biwwqx0000bc6yi561qlyu) successfully created a user at 2025-02-21T01:06:03.635Z: {"id":"cm7e2l90p00008fh721t68ucs","name":"test","email":"test321@gmail.com","emailVerified":null,"address":null,"phone":null,"birthDate":null,"idNumber":null,"image":null,"createdBy":null,"createdAt":"2025-02-21T01:06:03.625Z","updatedAt":"2025-02-21T01:06:03.625Z"}
[2025-02-27 23:08:43] INFO: User Andi Said Haidir Ali (cm77ng6bo0000k5i1epussaks) successfully created a user at 2025-02-27T15:08:43.232Z: {"id":"cm7nhc1250000n7nlrydsr12i","name":"Said Ali","email":"phoenicchi@gmail.com","emailVerified":null,"address":null,"phone":null,"birthDate":null,"idNumber":null,"image":null,"createdBy":null,"createdAt":"2025-02-27T15:08:43.229Z","updatedAt":"2025-02-27T15:08:43.229Z"}
[2025-03-04 10:52:55] INFO: User Muh Rezki (cm7biwwqx0000bc6yi561qlyu) successfully created a user at 2025-03-04T02:52:55.852Z: {"id":"cm7tw9221000aosyvjjlazktc","name":"gigachad","email":"alamak@gmail.com","emailVerified":null,"address":null,"phone":null,"birthDate":null,"idNumber":null,"image":null,"createdBy":null,"createdAt":"2025-03-04T02:52:55.849Z","updatedAt":"2025-03-04T02:52:55.849Z"}
[2025-03-07 00:26:12] INFO: User Muh Rezki (cm7biwwqx0000bc6yi561qlyu) successfully created a user at 2025-03-06T16:26:12.847Z: {"id":"cm7xk6ne400005sc7rhxtvzmk","name":"Windah Basudara","email":"Ilham@gmail.com","emailVerified":null,"address":null,"phone":null,"birthDate":null,"idNumber":null,"image":null,"createdBy":null,"createdAt":"2025-03-06T16:26:12.844Z","updatedAt":"2025-03-06T16:26:12.844Z"}
[2025-03-07 13:37:28] INFO: User Muh Rezki (cm7biwwqx0000bc6yi561qlyu) successfully created a user at 2025-03-07T05:37:28.731Z: {"id":"cm7ycg80m0000jjjt4fht3zu8","name":"Windah basuhdara","email":"windah@gmail.com","emailVerified":null,"address":null,"phone":null,"birthDate":null,"idNumber":null,"image":null,"createdBy":null,"createdAt":"2025-03-07T05:37:28.726Z","updatedAt":"2025-03-07T05:37:28.726Z"}
[2025-03-13 10:42:51] ERROR: User Muh Rezki (cm7ychmgh0003jjjtxb0lwz79) encountered an error while creating a user: 
Invalid `ctx.db.user.create()` invocation in
/media/rezki/ehe/document/project/nextjs/fitinfinity Without store/aaa/fitinfinity/.next/server/chunks/[root of the server]__279f22._.js:773:44

  770 }
  771 try {
  772     // Buat user tanpa atau dengan gambar
→ 773     const user = await ctx.db.user.create(
Unique constraint failed on the fields: (`email`)
[2025-03-13 10:43:01] INFO: User Muh Rezki (cm7ychmgh0003jjjtxb0lwz79) successfully created a user at 2025-03-13T02:43:01.095Z: {"id":"cm86quz5100011t7wmfggr7wv","name":"test","email":"m22uhrezki4@gmail.com","emailVerified":null,"address":null,"phone":null,"birthDate":null,"idNumber":null,"image":null,"createdBy":null,"createdAt":"2025-03-13T02:43:01.093Z","updatedAt":"2025-03-13T02:43:01.093Z"}
[2025-03-13 11:02:28] INFO: User Muh Rezki (cm86r3bvf00061t7wk17npeod) successfully created a user at 2025-03-13T03:02:28.764Z: {"id":"cm86rk048000b1t7wkph5caay","name":"Test","email":"test@gmail.com","emailVerified":null,"address":null,"phone":null,"birthDate":null,"idNumber":null,"image":null,"createdBy":null,"createdAt":"2025-03-13T03:02:28.730Z","updatedAt":"2025-03-13T03:02:28.730Z"}
[2025-03-13 11:15:39] ERROR: User Muh Rezki (cm86r3bvf00061t7wk17npeod) encountered an error while creating a user: 
Invalid `ctx.db.user.create()` invocation in
/media/rezki/ehe/document/project/nextjs/fitinfinity Without store/aaa/fitinfinity/.next/server/chunks/[root of the server]__279f22._.js:773:44

  770 }
  771 try {
  772     // Buat user tanpa atau dengan gambar
→ 773     const user = await ctx.db.user.create(
Unique constraint failed on the fields: (`email`)
[2025-03-13 11:15:46] INFO: User Muh Rezki (cm86r3bvf00061t7wk17npeod) successfully created a user at 2025-03-13T03:15:46.702Z: {"id":"cm86s13t8000j1t7wyevru3um","name":"windah basudara","email":"windaaah@gmail.com","emailVerified":null,"address":null,"phone":null,"birthDate":null,"idNumber":null,"image":null,"createdBy":null,"createdAt":"2025-03-13T03:15:46.701Z","updatedAt":"2025-03-13T03:15:46.701Z"}
[2025-04-13 01:06:14] INFO: User Muh Rezki (cm7ychmgh0003jjjtxb0lwz79) successfully created a user at 2025-04-12T17:06:14.766Z: {"id":"cm9egwne30004d319g4a35pzm","name":"yanto","email":"yanto@gmail.com","emailVerified":null,"address":null,"phone":null,"birthDate":null,"idNumber":null,"image":null,"createdBy":null,"createdAt":"2025-04-12T17:06:14.763Z","updatedAt":"2025-04-12T17:06:14.763Z","point":0}
[2025-04-13 16:58:41] INFO: User Muh Rezki (cm7ychmgh0003jjjtxb0lwz79) successfully created a user at 2025-04-13T08:58:41.532Z: {"id":"cm9fexi490008txl3eyz8tr81","name":"capucino","email":"caposino@gmail.com","emailVerified":null,"address":null,"phone":null,"birthDate":null,"idNumber":null,"image":null,"createdBy":null,"createdAt":"2025-04-13T08:58:41.529Z","updatedAt":"2025-04-13T08:58:41.529Z","point":0}
[2025-04-13 17:04:16] INFO: User Muh Rezki (cm7ychmgh0003jjjtxb0lwz79) successfully created a user at 2025-04-13T09:04:16.942Z: {"id":"cm9ff4ox5000htxl3mvfxbs9f","name":"sahur","email":"sahur@gmail.com","emailVerified":null,"address":null,"phone":null,"birthDate":null,"idNumber":null,"image":null,"createdBy":null,"createdAt":"2025-04-13T09:04:16.937Z","updatedAt":"2025-04-13T09:04:16.937Z","point":0}
[2025-04-13 17:44:58] INFO: User Muh Rezki (cm7ychmgh0003jjjtxb0lwz79) successfully created a user at 2025-04-13T09:44:58.992Z: {"id":"cm9fgl17v000otxl359x6vm7q","name":"tester","email":"tester@gmail.com","emailVerified":null,"address":null,"phone":null,"birthDate":null,"idNumber":null,"image":null,"createdBy":null,"createdAt":"2025-04-13T09:44:58.987Z","updatedAt":"2025-04-13T09:44:58.987Z","point":0}
[2025-04-13 17:47:33] INFO: User Muh Rezki (cm7ychmgh0003jjjtxb0lwz79) successfully created a user at 2025-04-13T09:47:33.400Z: {"id":"cm9fgocd2000011oph2encb8y","name":"testo","email":"testo@gmail.com","emailVerified":null,"address":null,"phone":null,"birthDate":null,"idNumber":null,"image":null,"createdBy":null,"createdAt":"2025-04-13T09:47:33.397Z","updatedAt":"2025-04-13T09:47:33.397Z","point":0}
[2025-04-13 17:48:54] INFO: User Muh Rezki (cm7ychmgh0003jjjtxb0lwz79) successfully created a user at 2025-04-13T09:48:54.511Z: {"id":"cm9fgq2y5000111opzzuvg31v","name":"testo","email":"testo@gmail.com","emailVerified":null,"address":null,"phone":null,"birthDate":null,"idNumber":null,"image":null,"createdBy":null,"createdAt":"2025-04-13T09:48:54.509Z","updatedAt":"2025-04-13T09:48:54.509Z","point":0}
[2025-04-13 19:22:24] INFO: User Muh Rezki (cm7ychmgh0003jjjtxb0lwz79) successfully created a user at 2025-04-13T11:22:24.737Z: {"id":"cm9fk2bto0004e2o0wpvmdhyn","name":"test2","email":"test2@gmail.com","emailVerified":null,"address":null,"phone":null,"birthDate":null,"idNumber":null,"image":null,"createdBy":null,"createdAt":"2025-04-13T11:22:24.731Z","updatedAt":"2025-04-13T11:22:24.731Z","point":0}
[2025-04-13 19:52:06] INFO: User Muh Rezki (cm7ychmgh0003jjjtxb0lwz79) successfully created a user at 2025-04-13T11:52:06.513Z: {"id":"cm9fl4ing0004f3ad51wryvew","name":"test4","email":"test4@gmail.com","emailVerified":null,"address":null,"phone":null,"birthDate":null,"idNumber":null,"image":null,"createdBy":null,"createdAt":"2025-04-13T11:52:06.472Z","updatedAt":"2025-04-13T11:52:06.472Z","point":0}
[2025-04-13 19:59:04] INFO: User Muh Rezki (cm7ychmgh0003jjjtxb0lwz79) successfully created a user at 2025-04-13T11:59:04.895Z: {"id":"cm9fldhh80007f3aden4ulqiw","name":"test5","email":"test5@gmail.com","emailVerified":null,"address":null,"phone":null,"birthDate":null,"idNumber":null,"image":null,"createdBy":null,"createdAt":"2025-04-13T11:59:04.891Z","updatedAt":"2025-04-13T11:59:04.891Z","point":0}
[2025-04-13 20:01:49] INFO: User test5 (cm9fldhh80007f3aden4ulqiw) successfully created a user at 2025-04-13T12:01:49.653Z: {"id":"cm9flh0lm000kf3addfi28qgo","name":"test6","email":"test6@gmail.com","emailVerified":null,"address":null,"phone":null,"birthDate":null,"idNumber":null,"image":null,"createdBy":null,"createdAt":"2025-04-13T12:01:49.642Z","updatedAt":"2025-04-13T12:01:49.642Z","point":0}
